18:29:08: Creating resource group General
18:29:08: Creating resource group Internal
18:29:08: Creating resource group Autodetect
18:29:08: Registering ResourceManager for type Mesh
18:29:08: Registering ResourceManager for type Material
18:29:08: Registering ResourceManager for type Skeleton
18:29:08: XMLSkeletonSerializer: reading XML data from C:\Editing\Clonk\OpenClonk_Projects\Project_Classic\ClassicResources\blender\export\pump.skeleton.xml...
18:29:08: XMLSkeletonSerializer: Reading Bones name...
18:29:08: XMLSkeletonSerializer: Reading Hierarchy data...
18:29:08: XMLSkeletonSerializer: Reading Bones data...
18:29:08: XMLSkeletonSerializer: Reading Animations data...
18:29:08: Animation: nom: Default et longueur: 0.791667
18:29:08: Animation: nom: pump et longueur: 0.791667
18:29:08: XMLSkeletonSerializer: Finished. Running SkeletonSerializer...
18:29:08: Exporting bones..
18:29:08: Bones exported.
18:29:08: Exporting animations, count=2
18:29:08: Exporting animation: Default
18:29:08: Animation exported.
18:29:08: Exporting animation: pump
18:29:08: Animation exported.
18:29:08: Unregistering ResourceManager for type Skeleton
18:29:08: Unregistering ResourceManager for type Material
18:29:08: Unregistering ResourceManager for type Mesh
